[debug] [2023-03-23T11:18:45.461Z] ----------------------------------------------------------------------
[debug] [2023-03-23T11:18:45.474Z] Command:       /Users/chun/.nvm/versions/node/v19.2.0/bin/node /Users/chun/.nvm/versions/node/v19.2.0/bin/firebase init hosting
[debug] [2023-03-23T11:18:45.476Z] CLI Version:   11.25.1
[debug] [2023-03-23T11:18:45.477Z] Platform:      darwin
[debug] [2023-03-23T11:18:45.478Z] Node Version:  v19.2.0
[debug] [2023-03-23T11:18:45.478Z] Time:          Thu Mar 23 2023 18:18:45 GMT+0700 (Indochina Time)
[debug] [2023-03-23T11:18:45.479Z] ----------------------------------------------------------------------
[debug] 
[debug] [2023-03-23T11:18:45.507Z] > command requires scopes: ["email","openid","https://www.googleapis.com/auth/cloudplatformprojects.readonly","https://www.googleapis.com/auth/firebase","https://www.googleapis.com/auth/cloud-platform"]
[debug] [2023-03-23T11:18:45.509Z] > authorizing via signed-in user (siwat.maksuwan@gmail.com)
[info] 
     ######## #### ########  ######## ########     ###     ######  ########
     ##        ##  ##     ## ##       ##     ##  ##   ##  ##       ##
     ######    ##  ########  ######   ########  #########  ######  ######
     ##        ##  ##    ##  ##       ##     ## ##     ##       ## ##
     ##       #### ##     ## ######## ########  ##     ##  ######  ########

You're about to initialize a Firebase project in this directory:

  /Users/chun/Desktop/line-liff/thehypecompany-liff/the-hype-comapany-liff

[info] 
=== Project Setup
[info] 
[info] First, let's associate this project directory with a Firebase project.
[info] You can create multiple project aliases by running firebase use --add, 
[info] but for now we'll just set up a default project.
[info] 
[debug] [2023-03-23T11:18:49.461Z] >>> [apiv2][query] GET https://firebase.googleapis.com/v1beta1/projects pageSize=100
[debug] [2023-03-23T11:18:50.608Z] <<< [apiv2][status] GET https://firebase.googleapis.com/v1beta1/projects 200
[debug] [2023-03-23T11:18:50.609Z] <<< [apiv2][body] GET https://firebase.googleapis.com/v1beta1/projects [omitted]
[info] i  Using project the-hype-company (the-hype-company) 
[info] 
=== Hosting Setup
[info] 
[info] Your public directory is the folder (relative to your project directory) that
[info] will contain Hosting assets to be uploaded with firebase deploy. If you
[info] have a build process for your assets, use your build's output directory.
[info] 
[debug] [2023-03-23T11:19:12.801Z] >>> [apiv2][query] GET https://www.gstatic.com/firebasejs/releases.json [none]
[debug] [2023-03-23T11:19:13.121Z] <<< [apiv2][status] GET https://www.gstatic.com/firebasejs/releases.json 200
[debug] [2023-03-23T11:19:13.122Z] <<< [apiv2][body] GET https://www.gstatic.com/firebasejs/releases.json {"current":{"version":"9.18.0","browserURL":"https://www.gstatic.com/firebasejs/9.18.0/firebase.js","packageURL":"https://www.gstatic.com/firebasejs/9.18.0/firebase.tgz"},"live":{"version":"9.18","browserURL":"https://www.gstatic.com/firebasejs/live/9.18/firebase.js","packageURL":"https://www.gstatic.com/firebasejs/live/9.18/firebase.tgz"},"components":{"analytics":"https://www.gstatic.com/firebasejs/9.18.0/firebase-analytics.js","app":"https://www.gstatic.com/firebasejs/9.18.0/firebase-app.js","app-check":"https://www.gstatic.com/firebasejs/9.18.0/firebase-app-check.js","auth":"https://www.gstatic.com/firebasejs/9.18.0/firebase-auth.js","auth/cordova":"https://www.gstatic.com/firebasejs/9.18.0/firebase-auth/cordova.js","auth/react-native":"https://www.gstatic.com/firebasejs/9.18.0/firebase-auth/react-native.js","functions":"https://www.gstatic.com/firebasejs/9.18.0/firebase-functions.js","firestore":"https://www.gstatic.com/firebasejs/9.18.0/firebase-firestore.js","firestore/lite":"https://www.gstatic.com/firebasejs/9.18.0/firebase-firestore/lite.js","installations":"https://www.gstatic.com/firebasejs/9.18.0/firebase-installations.js","storage":"https://www.gstatic.com/firebasejs/9.18.0/firebase-storage.js","performance":"https://www.gstatic.com/firebasejs/9.18.0/firebase-performance.js","remote-config":"https://www.gstatic.com/firebasejs/9.18.0/firebase-remote-config.js","messaging":"https://www.gstatic.com/firebasejs/9.18.0/firebase-messaging.js","messaging/sw":"https://www.gstatic.com/firebasejs/9.18.0/firebase-messaging/sw.js","database":"https://www.gstatic.com/firebasejs/9.18.0/firebase-database.js","firestore.memory":"https://www.gstatic.com/firebasejs/9.18.0/firebase-firestore.memory.js"}}
[info] ✔  Wrote y/index.html 
[info] 
[info] i  Detected a .git folder at /Users/chun/Desktop/line-liff/thehypecompany-liff/the-hype-comapany-liff 
[info] i  Authorizing with GitHub to upload your service account to a GitHub repository's secrets store. 
[info] 
[info] Visit this URL on this device to log in:
[info] https://github.com/login/oauth/authorize?client_id=89cf50f02ac6aaed3484&state=668199907&redirect_uri=http%3A%2F%2Flocalhost%3A9005&scope=read%3Auser%20repo%20public_repo
[info] 
[info] Waiting for authentication...
[debug] [2023-03-23T11:19:32.277Z] >>> [apiv2][query] POST https://github.com/login/oauth/access_token [none]
[debug] [2023-03-23T11:19:32.277Z] >>> [apiv2][body] POST https://github.com/login/oauth/access_token [stream]
[debug] [2023-03-23T11:19:32.980Z] <<< [apiv2][status] POST https://github.com/login/oauth/access_token 200
[debug] [2023-03-23T11:19:32.980Z] <<< [apiv2][body] POST https://github.com/login/oauth/access_token {"access_token":"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","token_type":"bearer","scope":"read:user,repo"}
[debug] [2023-03-23T11:19:32.996Z] >>> [apiv2][query] GET https://api.github.com/user [none]
[debug] [2023-03-23T11:19:33.694Z] <<< [apiv2][status] GET https://api.github.com/user 200
[debug] [2023-03-23T11:19:33.695Z] <<< [apiv2][body] GET https://api.github.com/user {"login":"siwatprivate","id":64131833,"node_id":"MDQ6VXNlcjY0MTMxODMz","avatar_url":"https://avatars.githubusercontent.com/u/64131833?v=4","gravatar_id":"","url":"https://api.github.com/users/siwatprivate","html_url":"https://github.com/siwatprivate","followers_url":"https://api.github.com/users/siwatprivate/followers","following_url":"https://api.github.com/users/siwatprivate/following{/other_user}","gists_url":"https://api.github.com/users/siwatprivate/gists{/gist_id}","starred_url":"https://api.github.com/users/siwatprivate/starred{/owner}{/repo}","subscriptions_url":"https://api.github.com/users/siwatprivate/subscriptions","organizations_url":"https://api.github.com/users/siwatprivate/orgs","repos_url":"https://api.github.com/users/siwatprivate/repos","events_url":"https://api.github.com/users/siwatprivate/events{/privacy}","received_events_url":"https://api.github.com/users/siwatprivate/received_events","type":"User","site_admin":false,"name":null,"company":null,"blog":"","location":null,"email":null,"hireable":null,"bio":null,"twitter_username":null,"public_repos":2,"public_gists":0,"followers":0,"following":0,"created_at":"2020-04-22T08:46:08Z","updated_at":"2023-03-23T10:34:31Z","private_gists":0,"total_private_repos":9,"owned_private_repos":9,"disk_usage":149366,"collaborators":1,"two_factor_authentication":true,"plan":{"name":"free","space":976562499,"collaborators":0,"private_repos":10000}}
[info] 
[info] ✔  Success! Logged into GitHub as siwatprivate 
[info] 
